<?xml version="1.0" encoding="UTF-8"?>
<coverage generated="1691634276552" clover="3.2.0">
  <project timestamp="1691634276552" name="All files">
    <metrics statements="11" coveredstatements="10" conditionals="2" coveredconditionals="1" methods="8" coveredmethods="8" elements="21" coveredelements="19" complexity="0" loc="11" ncloc="11" packages="1" files="2" classes="2"/>
    <file name="email-sender.ts" path="C:\Users\PC\Documents\TS\CDK\src\email-sender.ts">
      <metrics statements="9" coveredstatements="8" conditionals="2" coveredconditionals="1" methods="6" coveredmethods="6"/>
      <line num="1" count="1" type="stmt"/>
      <line num="5" count="1" type="stmt"/>
      <line num="6" count="1" type="stmt"/>
      <line num="9" count="1" type="stmt"/>
      <line num="13" count="1" type="stmt"/>
      <line num="16" count="2" type="stmt"/>
      <line num="17" count="2" type="cond" truecount="1" falsecount="1"/>
      <line num="18" count="0" type="stmt"/>
      <line num="21" count="2" type="stmt"/>
    </file>
    <file name="math-operations.ts" path="C:\Users\PC\Documents\TS\CDK\src\math-operations.ts">
      <metrics statements="2" coveredstatements="2" conditionals="0" coveredconditionals="0" methods="2" coveredmethods="2"/>
      <line num="1" count="1" type="stmt"/>
      <line num="6" count="1" type="stmt"/>
    </file>
  </project>
</coverage>
