TN:
SF:src\email-sender.ts
FN:4,(anonymous_0)
FN:8,(anonymous_1)
FN:12,(anonymous_2)
FN:15,(anonymous_3)
FN:16,(anonymous_4)
FN:21,(anonymous_5)
FNF:6
FNH:6
FNDA:1,(anonymous_0)
FNDA:1,(anonymous_1)
FNDA:1,(anonymous_2)
FNDA:2,(anonymous_3)
FNDA:2,(anonymous_4)
FNDA:2,(anonymous_5)
DA:1,1
DA:5,1
DA:6,1
DA:9,1
DA:13,1
DA:16,2
DA:17,2
DA:18,0
DA:21,2
LF:9
LH:8
BRDA:17,0,0,0
BRDA:17,0,1,2
BRF:2
BRH:1
end_of_record
TN:
SF:src\math-operations.ts
FN:2,(anonymous_0)
FN:5,(anonymous_1)
FNF:2
FNH:2
FNDA:1,(anonymous_0)
FNDA:1,(anonymous_1)
DA:1,1
DA:6,1
LF:2
LH:2
BRF:0
BRH:0
end_of_record
